#
# A fatal error has been detected by the Java Runtime Environment:
#
#  SIGBUS (0x7) at pc=0x00007f34967119ba, pid=5478, tid=139863840982784
#
# JRE version: Java(TM) SE Runtime Environment (7.0_67-b01) (build 1.7.0_67-b01)
# Java VM: Java HotSpot(TM) 64-Bit Server VM (24.65-b04 mixed mode linux-amd64 compressed oops)
# Problematic frame:
# C  [ld-linux-x86-64.so.2+0x1a9ba]  realloc+0x2c0a
#
# Failed to write core dump. Core dumps have been disabled. To enable core dumping, try "ulimit -c unlimited" before starting Java again
#
# If you would like to submit a bug report, please visit:
#   http://bugreport.sun.com/bugreport/crash.jsp
# The crash happened outside the Java Virtual Machine in native code.
# See problematic frame for where to report the bug.
#

---------------  T H R E A D  ---------------

Current thread (0x00007f349000a000):  JavaThread "main" [_thread_in_native, id=5517, stack(0x00007f34967f0000,0x00007f34968f1000)]

siginfo:si_signo=SIGBUS: si_errno=0, si_code=2 (BUS_ADRERR), si_addr=0x00007f347d81dfe8

Registers:
RAX=0x0000000000000000, RBX=0x00007f34968ecdc8, RCX=0x0000000000000018, RDX=0x00007f347d81dfe8
RSP=0x00007f34968ecd58, RBP=0x00007f34968ecfb0, RSI=0x0000000000000000, RDI=0x00007f347d81dfe8
R8 =0x00007f347d81dfe8, R9 =0x000000000006b000, R10=0x0000000000000812, R11=0x0000000000000206
R12=0x00007f34901f6520, R13=0x00007f34968ed080, R14=0x0000000000000002, R15=0x00007f347d81e000
RIP=0x00007f34967119ba, EFLAGS=0x0000000000010216, CSGSFS=0x0000000000000033, ERR=0x0000000000000006
  TRAPNO=0x000000000000000e

Top of Stack: (sp=0x00007f34968ecd58)
0x00007f34968ecd58:   00007f34966fdbf9 00000000faeb7ca0
0x00007f34968ecd68:   00000000faeb7cd8 0000000000001fa0
0x00007f34968ecd78:   00007f34968ed0e0 00007f34968ece50
0x00007f34968ecd88:   00007f3490000020 0000000000058bb0
0x00007f34968ecd98:   0000000000000000 000000000006c000
0x00007f34968ecda8:   000000000006b100 000000000006b100
0x00007f34968ecdb8:   0000000000000000 0000000000000005
0x00007f34968ecdc8:   000000000016b000 000000000016e000
0x00007f34968ecdd8:   000000000016dfe8 000000000016f2c8
0x00007f34968ecde8:   000000000006b000 00007f3400000003
0x00007f34968ecdf8:   00007f34901f5d20 0000000000000025
0x00007f34968ece08:   00007f34901ee6d0 000000029000a000
0x00007f34968ece18:   0000000000000025 00000000eae05c28
0x00007f34968ece28:   0000000000000002 00007f34968ecfb0
0x00007f34968ece38:   0000000000000000 0000000000000000
0x00007f34968ece48:   0000000000000018 0000000000000000
0x00007f34968ece58:   00007f34966fd784 00007f34600ac9c0
0x00007f34968ece68:   00007f34eb0e47e0 00007f34600b49a8
0x00007f34968ece78:   00000000000083b0 00007f34968ee910
0x00007f34968ece88:   0000000000000025 0000000000000000
0x00007f34968ece98:   00007f347d81f2c8 00007f34968ece60
0x00007f34968ecea8:   00007f34901f5d20 00007f34968ed038
0x00007f34968eceb8:   00007f34901ee6d0 00007f349691b1a0
0x00007f34968ecec8:   00000018000301c8 000000000016f2c8
0x00007f34968eced8:   00007f347d81dfe8 0000000000000006
0x00007f34968ecee8:   00007f34968ecd98 0000000000000805
0x00007f34968ecef8:   000000000012857d 0000000000000001
0x00007f34968ecf08:   00000000000081a4 0000000000000000
0x00007f34968ecf18:   0000000000000000 000000000000bdf1
0x00007f34968ecf28:   0000000000001000 0000000000000060
0x00007f34968ecf38:   00000000544fbe08 0000000024debf43
0x00007f34968ecf48:   00000000544fbe08 0000000024a1b643 

Instructions: (pc=0x00007f34967119ba)
0x00007f349671199a:   e9 fd fe ff ff 90 e8 1b 06 00 00 48 8b 44 24 08
0x00007f34967119aa:   eb 97 0f 1f 40 00 48 89 d1 40 0f b6 c6 48 89 fa
0x00007f34967119ba:   f3 aa 48 89 d0 c3 48 83 fa 20 73 7a f6 c2 01 74
0x00007f34967119ca:   0b 0f b6 0e 88 0f 48 ff c6 48 ff c7 f6 c2 02 74 

Register to memory mapping:

RAX=0x0000000000000000 is an unknown value
RBX=0x00007f34968ecdc8 is pointing into the stack for thread: 0x00007f349000a000
RCX=0x0000000000000018 is an unknown value
RDX=0x00007f347d81dfe8 is an unknown value
RSP=0x00007f34968ecd58 is pointing into the stack for thread: 0x00007f349000a000
RBP=0x00007f34968ecfb0 is pointing into the stack for thread: 0x00007f349000a000
RSI=0x0000000000000000 is an unknown value
RDI=0x00007f347d81dfe8 is an unknown value
R8 =0x00007f347d81dfe8 is an unknown value
R9 =0x000000000006b000 is an unknown value
R10=0x0000000000000812 is an unknown value
R11=0x0000000000000206 is an unknown value
R12=0x00007f34901f6520 is an unknown value
R13=0x00007f34968ed080 is pointing into the stack for thread: 0x00007f349000a000
R14=0x0000000000000002 is an unknown value
R15=0x00007f347d81e000 is an unknown value


Stack: [0x00007f34967f0000,0x00007f34968f1000],  sp=0x00007f34968ecd58,  free space=1011k
Native frames: (J=compiled Java code, j=interpreted, Vv=VM code, C=native code)
C  [ld-linux-x86-64.so.2+0x1a9ba]  realloc+0x2c0a

Java frames: (J=compiled Java code, j=interpreted, Vv=VM code)
j  java.lang.ClassLoader$NativeLibrary.load(Ljava/lang/String;)V+0
j  java.lang.ClassLoader.loadLibrary1(Ljava/lang/Class;Ljava/io/File;)Z+302
j  java.lang.ClassLoader.loadLibrary0(Ljava/lang/Class;Ljava/io/File;)Z+2
j  java.lang.ClassLoader.loadLibrary(Ljava/lang/Class;Ljava/lang/String;Z)V+48
j  java.lang.Runtime.load0(Ljava/lang/Class;Ljava/lang/String;)V+57
j  java.lang.System.load(Ljava/lang/String;)V+7
j  org.eclipse.swt.internal.Library.load(Ljava/lang/String;)Z+12
j  org.eclipse.swt.internal.Library.loadLibrary(Ljava/lang/String;Z)V+643
j  org.eclipse.swt.internal.Library.loadLibrary(Ljava/lang/String;)V+2
j  org.eclipse.swt.internal.gtk.OS.<clinit>()V+3
v  ~StubRoutines::call_stub
j  org.eclipse.swt.internal.Converter.wcsToMbcs(Ljava/lang/String;[CZ)[B+17
j  org.eclipse.swt.internal.Converter.wcsToMbcs(Ljava/lang/String;Ljava/lang/String;Z)[B+23
j  org.eclipse.swt.widgets.Display.<clinit>()V+11
v  ~StubRoutines::call_stub
j  com.android.sdkmanager.Main.showAvdManagerWindow()V+6
j  com.android.sdkmanager.Main.doAction()V+386
j  com.android.sdkmanager.Main.run([Ljava/lang/String;)V+21
j  com.android.sdkmanager.Main.main([Ljava/lang/String;)V+8
v  ~StubRoutines::call_stub

---------------  P R O C E S S  ---------------

Java Threads: ( => current thread )
  0x00007f34901ed800 JavaThread "process reaper" daemon [_thread_blocked, id=5533, stack(0x00007f347d965000,0x00007f347d99e000)]
  0x00007f3490096800 JavaThread "Service Thread" daemon [_thread_blocked, id=5529, stack(0x00007f347dab3000,0x00007f347dbb4000)]
  0x00007f3490094000 JavaThread "C2 CompilerThread1" daemon [_thread_blocked, id=5528, stack(0x00007f347dbb4000,0x00007f347dcb5000)]
  0x00007f3490091000 JavaThread "C2 CompilerThread0" daemon [_thread_blocked, id=5527, stack(0x00007f347dcb5000,0x00007f347ddb6000)]
  0x00007f349008f800 JavaThread "Signal Dispatcher" daemon [_thread_blocked, id=5526, stack(0x00007f347ddb6000,0x00007f347deb7000)]
  0x00007f3490070000 JavaThread "Finalizer" daemon [_thread_blocked, id=5525, stack(0x00007f347e45f000,0x00007f347e560000)]
  0x00007f349006e000 JavaThread "Reference Handler" daemon [_thread_blocked, id=5524, stack(0x00007f347e560000,0x00007f347e661000)]
=>0x00007f349000a000 JavaThread "main" [_thread_in_native, id=5517, stack(0x00007f34967f0000,0x00007f34968f1000)]

Other Threads:
  0x00007f3490069800 VMThread [stack: 0x00007f347e661000,0x00007f347e762000] [id=5523]
  0x00007f34900a9000 WatcherThread [stack: 0x00007f347d9b2000,0x00007f347dab3000] [id=5530]

VM state:not at safepoint (normal execution)

VM Mutex/Monitor currently owned by a thread: None

Heap
 PSYoungGen      total 17920K, used 4838K [0x00000000faa80000, 0x00000000fbe80000, 0x0000000100000000)
  eden space 15360K, 31% used [0x00000000faa80000,0x00000000faf398d0,0x00000000fb980000)
  from space 2560K, 0% used [0x00000000fbc00000,0x00000000fbc00000,0x00000000fbe80000)
  to   space 2560K, 0% used [0x00000000fb980000,0x00000000fb980000,0x00000000fbc00000)
 ParOldGen       total 40960K, used 0K [0x00000000f0000000, 0x00000000f2800000, 0x00000000faa80000)
  object space 40960K, 0% used [0x00000000f0000000,0x00000000f0000000,0x00000000f2800000)
 PSPermGen       total 21504K, used 4861K [0x00000000eae00000, 0x00000000ec300000, 0x00000000f0000000)
  object space 21504K, 22% used [0x00000000eae00000,0x00000000eb2bf4e8,0x00000000ec300000)

Card table byte_map: [0x00007f349406f000,0x00007f3494119000] byte_map_base: 0x00007f3493918000

Polling page: 0x00007f3496916000

Code Cache  [0x00007f348c9cd000, 0x00007f348cc3d000, 0x00007f348f9cd000)
 total_blobs=313 nmethods=10 adapters=257 free_code_cache=48693Kb largest_free_block=49861696

Compilation events (10 events):
Event: 0,075 Thread 0x00007f3490091000 nmethod 5 0x00007f348ca2df50 code [0x00007f348ca2e0c0, 0x00007f348ca2e5c8]
Event: 0,075 Thread 0x00007f3490094000 nmethod 6 0x00007f348ca314d0 code [0x00007f348ca31620, 0x00007f348ca31788]
Event: 0,076 Thread 0x00007f3490091000    7             java.lang.String::indexOf (166 bytes)
Event: 0,085 Thread 0x00007f3490091000 nmethod 7 0x00007f348ca30990 code [0x00007f348ca30ae0, 0x00007f348ca30f38]
Event: 0,092 Thread 0x00007f3490094000    8             java.lang.String::replace (127 bytes)
Event: 0,097 Thread 0x00007f3490091000    9             java.lang.String::charAt (29 bytes)
Event: 0,098 Thread 0x00007f3490091000 nmethod 9 0x00007f348ca31d10 code [0x00007f348ca31e60, 0x00007f348ca31ef8]
Event: 0,098 Thread 0x00007f3490094000 nmethod 8 0x00007f348ca2fb50 code [0x00007f348ca2fca0, 0x00007f348ca300d8]
Event: 0,101 Thread 0x00007f3490091000   10             java.lang.String::equals (81 bytes)
Event: 0,103 Thread 0x00007f3490091000 nmethod 10 0x00007f348ca33450 code [0x00007f348ca335a0, 0x00007f348ca337f8]

GC Heap History (0 events):
No events

Deoptimization events (0 events):
No events

Internal exceptions (10 events):
Event: 0,096 Thread 0x00007f349000a000 Threw 0x00000000fad8cf38 at /HUDSON/workspace/7u-2-build-linux-amd64/jdk7u67/1368/hotspot/src/share/vm/prims/jvm.cpp:1244
Event: 0,099 Thread 0x00007f349000a000 Threw 0x00000000fadb2ff0 at /HUDSON/workspace/7u-2-build-linux-amd64/jdk7u67/1368/hotspot/src/share/vm/prims/jvm.cpp:1244
Event: 0,105 Thread 0x00007f349000a000 Threw 0x00000000fae037c0 at /HUDSON/workspace/7u-2-build-linux-amd64/jdk7u67/1368/hotspot/src/share/vm/prims/jvm.cpp:1244
Event: 0,119 Thread 0x00007f349000a000 Threw 0x00000000fae0e698 at /HUDSON/workspace/7u-2-build-linux-amd64/jdk7u67/1368/hotspot/src/share/vm/prims/jvm.cpp:1244
Event: 0,124 Thread 0x00007f349000a000 Threw 0x00000000fae12710 at /HUDSON/workspace/7u-2-build-linux-amd64/jdk7u67/1368/hotspot/src/share/vm/prims/jvm.cpp:1244
Event: 0,125 Thread 0x00007f349000a000 Threw 0x00000000fae16518 at /HUDSON/workspace/7u-2-build-linux-amd64/jdk7u67/1368/hotspot/src/share/vm/prims/jvm.cpp:1244
Event: 0,129 Thread 0x00007f349000a000 Threw 0x00000000fae39540 at /HUDSON/workspace/7u-2-build-linux-amd64/jdk7u67/1368/hotspot/src/share/vm/prims/jvm.cpp:1244
Event: 0,130 Thread 0x00007f349000a000 Threw 0x00000000fae3cd20 at /HUDSON/workspace/7u-2-build-linux-amd64/jdk7u67/1368/hotspot/src/share/vm/prims/jvm.cpp:1244
Event: 0,144 Thread 0x00007f349000a000 Threw 0x00000000fae408d8 at /HUDSON/workspace/7u-2-build-linux-amd64/jdk7u67/1368/hotspot/src/share/vm/prims/jvm.cpp:1244
Event: 0,144 Thread 0x00007f349000a000 Threw 0x00000000fae43c00 at /HUDSON/workspace/7u-2-build-linux-amd64/jdk7u67/1368/hotspot/src/share/vm/prims/jvm.cpp:1244

Events (10 events):
Event: 0,170 loading class 0x00007f346405f8c0
Event: 0,170 loading class 0x00007f346405fc60
Event: 0,170 loading class 0x00007f346405fc60 done
Event: 0,170 loading class 0x00007f346405f8c0 done
Event: 0,170 loading class 0x00007f346405fc30
Event: 0,170 loading class 0x00007f346405fc30 done
Event: 0,170 loading class 0x00007f346405ffe0
Event: 0,170 loading class 0x00007f346405ffe0 done
Event: 0,170 loading class 0x00007f346405f900
Event: 0,170 loading class 0x00007f346405f900 done


Dynamic libraries:
00400000-00401000 r-xp 00000000 08:05 666012                             /usr/lib/jvm/java-7-oracle/jre/bin/java
00600000-00601000 rw-p 00000000 08:05 666012                             /usr/lib/jvm/java-7-oracle/jre/bin/java
01834000-01855000 rw-p 00000000 00:00 0                                  [heap]
eae00000-ec300000 rw-p 00000000 00:00 0 
ec300000-f0000000 rw-p 00000000 00:00 0 
f0000000-f2800000 rw-p 00000000 00:00 0 
f2800000-faa80000 rw-p 00000000 00:00 0 
faa80000-fbe80000 rw-p 00000000 00:00 0 
fbe80000-100000000 rw-p 00000000 00:00 0 
7f3450000000-7f3450021000 rw-p 00000000 00:00 0 
7f3450021000-7f3454000000 ---p 00000000 00:00 0 
7f3458000000-7f3458021000 rw-p 00000000 00:00 0 
7f3458021000-7f345c000000 ---p 00000000 00:00 0 
7f345c000000-7f345c021000 rw-p 00000000 00:00 0 
7f345c021000-7f3460000000 ---p 00000000 00:00 0 
7f3460000000-7f34600f5000 rw-p 00000000 00:00 0 
7f34600f5000-7f3464000000 ---p 00000000 00:00 0 
7f3464000000-7f346409f000 rw-p 00000000 00:00 0 
7f346409f000-7f3468000000 ---p 00000000 00:00 0 
7f3468000000-7f3468021000 rw-p 00000000 00:00 0 
7f3468021000-7f346c000000 ---p 00000000 00:00 0 
7f346c000000-7f346c021000 rw-p 00000000 00:00 0 
7f346c021000-7f3470000000 ---p 00000000 00:00 0 
7f3470000000-7f3470021000 rw-p 00000000 00:00 0 
7f3470021000-7f3474000000 ---p 00000000 00:00 0 
7f3474000000-7f3474021000 rw-p 00000000 00:00 0 
7f3474021000-7f3478000000 ---p 00000000 00:00 0 
7f3478000000-7f3478021000 rw-p 00000000 00:00 0 
7f3478021000-7f347c000000 ---p 00000000 00:00 0 
7f347d6b0000-7f347d71c000 r-xp 00000000 08:05 1213821                    /tmp/swtlib-64/libswt-pi-gtk-3550.so
7f347d71c000-7f347d81b000 ---p 0006c000 08:05 1213821                    /tmp/swtlib-64/libswt-pi-gtk-3550.so
7f347d81b000-7f347d81e000 rw-p 0006b000 08:05 1213821                    /tmp/swtlib-64/libswt-pi-gtk-3550.so
7f347d81e000-7f347d820000 r-xp 0016e000 08:05 1213821                    /tmp/swtlib-64/libswt-pi-gtk-3550.so
7f347d820000-7f347d860000 r-xp 00000000 08:05 1213820                    /tmp/swtlib-64/libswt-gtk-3550.so
7f347d860000-7f347d960000 ---p 00040000 08:05 1213820                    /tmp/swtlib-64/libswt-gtk-3550.so
7f347d960000-7f347d964000 rw-p 00040000 08:05 1213820                    /tmp/swtlib-64/libswt-gtk-3550.so
7f347d964000-7f347d965000 rw-p 00000000 00:00 0 
7f347d965000-7f347d968000 ---p 00000000 00:00 0 
7f347d968000-7f347d99e000 rw-p 00000000 00:00 0                          [stack:5533]
7f347d99e000-7f347d9b2000 r--s 0015a000 08:07 3150125                    /home/quang/program/android-studio/sdk/tools/lib/x86_64/swt.jar
7f347d9b2000-7f347d9b3000 ---p 00000000 00:00 0 
7f347d9b3000-7f347dab3000 rw-p 00000000 00:00 0                          [stack:5530]
7f347dab3000-7f347dab6000 ---p 00000000 00:00 0 
7f347dab6000-7f347dbb4000 rw-p 00000000 00:00 0                          [stack:5529]
7f347dbb4000-7f347dbb7000 ---p 00000000 00:00 0 
7f347dbb7000-7f347dcb5000 rw-p 00000000 00:00 0                          [stack:5528]
7f347dcb5000-7f347dcb8000 ---p 00000000 00:00 0 
7f347dcb8000-7f347ddb6000 rw-p 00000000 00:00 0                          [stack:5527]
7f347ddb6000-7f347ddb9000 ---p 00000000 00:00 0 
7f347ddb9000-7f347deb7000 rw-p 00000000 00:00 0                          [stack:5526]
7f347deb7000-7f347e45f000 r--p 00000000 08:05 531263                     /usr/lib/locale/locale-archive
7f347e45f000-7f347e462000 ---p 00000000 00:00 0 
7f347e462000-7f347e560000 rw-p 00000000 00:00 0                          [stack:5525]
7f347e560000-7f347e563000 ---p 00000000 00:00 0 
7f347e563000-7f347e661000 rw-p 00000000 00:00 0                          [stack:5524]
7f347e661000-7f347e662000 ---p 00000000 00:00 0 
7f347e662000-7f3480000000 rw-p 00000000 00:00 0                          [stack:5523]
7f3480000000-7f3480021000 rw-p 00000000 00:00 0 
7f3480021000-7f3484000000 ---p 00000000 00:00 0 
7f3484000000-7f3484021000 rw-p 00000000 00:00 0 
7f3484021000-7f3488000000 ---p 00000000 00:00 0 
7f3488000000-7f3488021000 rw-p 00000000 00:00 0 
7f3488021000-7f348c000000 ---p 00000000 00:00 0 
7f348c003000-7f348c004000 rw-p 00000000 00:00 0 
7f348c004000-7f348c012000 r--s 001b2000 08:07 3150116                    /home/quang/program/android-studio/sdk/tools/lib/osgi-4.0.0.jar
7f348c012000-7f348c014000 r--s 00017000 08:07 3150169                    /home/quang/program/android-studio/sdk/tools/lib/org-eclipse-equinox-common-3.6.0.jar
7f348c014000-7f348c018000 r--s 00017000 08:07 3150167                    /home/quang/program/android-studio/sdk/tools/lib/org-eclipse-core-commands-3.6.0.jar
7f348c018000-7f348c022000 r--s 0006d000 08:07 3151114                    /home/quang/program/android-studio/sdk/tools/lib/sdkuilib.jar
7f348c022000-7f348c024000 r--s 0000d000 08:07 3150144                    /home/quang/program/android-studio/sdk/tools/lib/commons-codec-1.4.jar
7f348c024000-7f348c04e000 r--s 001e9000 08:07 3151108                    /home/quang/program/android-studio/sdk/tools/lib/guava-15.0.jar
7f348c04e000-7f348c23f000 rw-p 00000000 00:00 0 
7f348c23f000-7f348c3fe000 r--s 039e5000 08:05 666104                     /usr/lib/jvm/java-7-oracle/jre/lib/rt.jar
7f348c3fe000-7f348c5a0000 rw-p 00000000 00:00 0 
7f348c5a0000-7f348c5a1000 ---p 00000000 00:00 0 
7f348c5a1000-7f348c6a1000 rw-p 00000000 00:00 0                          [stack:5521]
7f348c6a1000-7f348c6a2000 ---p 00000000 00:00 0 
7f348c6a2000-7f348c7a2000 rw-p 00000000 00:00 0                          [stack:5520]
7f348c7a2000-7f348c7a3000 ---p 00000000 00:00 0 
7f348c7a3000-7f348c8a3000 rw-p 00000000 00:00 0                          [stack:5519]
7f348c8a3000-7f348c8a4000 ---p 00000000 00:00 0 
7f348c8a4000-7f348c9af000 rw-p 00000000 00:00 0                          [stack:5518]
7f348c9af000-7f348c9cd000 rw-p 00000000 00:00 0 
7f348c9cd000-7f348cc3d000 rwxp 00000000 00:00 0 
7f348cc3d000-7f348f9cd000 rw-p 00000000 00:00 0 
7f348f9cd000-7f348f9e7000 r-xp 00000000 08:05 666054                     /usr/lib/jvm/java-7-oracle/jre/lib/amd64/libzip.so
7f348f9e7000-7f348fbe7000 ---p 0001a000 08:05 666054                     /usr/lib/jvm/java-7-oracle/jre/lib/amd64/libzip.so
7f348fbe7000-7f348fbe8000 rw-p 0001a000 08:05 666054                     /usr/lib/jvm/java-7-oracle/jre/lib/amd64/libzip.so
7f348fbe8000-7f348fbf3000 r-xp 00000000 08:05 131576                     /lib/x86_64-linux-gnu/libnss_files-2.19.so
7f348fbf3000-7f348fdf2000 ---p 0000b000 08:05 131576                     /lib/x86_64-linux-gnu/libnss_files-2.19.so
7f348fdf2000-7f348fdf3000 r--p 0000a000 08:05 131576                     /lib/x86_64-linux-gnu/libnss_files-2.19.so
7f348fdf3000-7f348fdf4000 rw-p 0000b000 08:05 131576                     /lib/x86_64-linux-gnu/libnss_files-2.19.so
7f348fdf4000-7f348fdff000 r-xp 00000000 08:05 131524                     /lib/x86_64-linux-gnu/libnss_nis-2.19.so
7f348fdff000-7f348fffe000 ---p 0000b000 08:05 131524                     /lib/x86_64-linux-gnu/libnss_nis-2.19.so
7f348fffe000-7f348ffff000 r--p 0000a000 08:05 131524                     /lib/x86_64-linux-gnu/libnss_nis-2.19.so
7f348ffff000-7f3490000000 rw-p 0000b000 08:05 131524                     /lib/x86_64-linux-gnu/libnss_nis-2.19.so
7f3490000000-7f3490288000 rw-p 00000000 00:00 0 
7f3490288000-7f3494000000 ---p 00000000 00:00 0 
7f3494000000-7f3494001000 r--s 00004000 08:07 3150130                    /home/quang/program/android-studio/sdk/tools/lib/swtmenubar.jar
7f3494001000-7f3494003000 r--s 0000d000 08:07 3149171                    /home/quang/program/android-studio/sdk/tools/lib/commons-logging-1.1.1.jar
7f3494003000-7f3494008000 r--s 00028000 08:07 3151111                    /home/quang/program/android-studio/sdk/tools/lib/httpcore-4.1.jar
7f3494008000-7f349400a000 r--s 00005000 08:07 3150166                    /home/quang/program/android-studio/sdk/tools/lib/httpmime-4.1.jar
7f349400a000-7f3494012000 r--s 0004e000 08:07 3150120                    /home/quang/program/android-studio/sdk/tools/lib/httpclient-4.1.1.jar
7f3494012000-7f3494019000 r--s 00053000 08:07 3149179                    /home/quang/program/android-studio/sdk/tools/lib/commons-compress-1.8.1.jar
7f3494019000-7f349402d000 rw-p 00000000 00:00 0 
7f349402d000-7f349406f000 rw-p 00000000 00:00 0 
7f349406f000-7f349407a000 rw-p 00000000 00:00 0 
7f349407a000-7f3494098000 rw-p 00000000 00:00 0 
7f3494098000-7f34940ac000 rw-p 00000000 00:00 0 
7f34940ac000-7f34940ed000 rw-p 00000000 00:00 0 
7f34940ed000-7f34940f8000 rw-p 00000000 00:00 0 
7f34940f8000-7f3494118000 rw-p 00000000 00:00 0 
7f3494118000-7f3494119000 rw-p 00000000 00:00 0 
7f3494119000-7f3494130000 r-xp 00000000 08:05 131586                     /lib/x86_64-linux-gnu/libnsl-2.19.so
7f3494130000-7f349432f000 ---p 00017000 08:05 131586                     /lib/x86_64-linux-gnu/libnsl-2.19.so
7f349432f000-7f3494330000 r--p 00016000 08:05 131586                     /lib/x86_64-linux-gnu/libnsl-2.19.so
7f3494330000-7f3494331000 rw-p 00017000 08:05 131586                     /lib/x86_64-linux-gnu/libnsl-2.19.so
7f3494331000-7f3494333000 rw-p 00000000 00:00 0 
7f3494333000-7f349433c000 r-xp 00000000 08:05 131550                     /lib/x86_64-linux-gnu/libnss_compat-2.19.so
7f349433c000-7f349453b000 ---p 00009000 08:05 131550                     /lib/x86_64-linux-gnu/libnss_compat-2.19.so
7f349453b000-7f349453c000 r--p 00008000 08:05 131550                     /lib/x86_64-linux-gnu/libnss_compat-2.19.so
7f349453c000-7f349453d000 rw-p 00009000 08:05 131550                     /lib/x86_64-linux-gnu/libnss_compat-2.19.so
7f349453d000-7f3494566000 r-xp 00000000 08:05 666095                     /usr/lib/jvm/java-7-oracle/jre/lib/amd64/libjava.so
7f3494566000-7f3494766000 ---p 00029000 08:05 666095                     /usr/lib/jvm/java-7-oracle/jre/lib/amd64/libjava.so
7f3494766000-7f3494768000 rw-p 00029000 08:05 666095                     /usr/lib/jvm/java-7-oracle/jre/lib/amd64/libjava.so
7f3494768000-7f3494775000 r-xp 00000000 08:05 666049                     /usr/lib/jvm/java-7-oracle/jre/lib/amd64/libverify.so
7f3494775000-7f3494974000 ---p 0000d000 08:05 666049                     /usr/lib/jvm/java-7-oracle/jre/lib/amd64/libverify.so
7f3494974000-7f3494976000 rw-p 0000c000 08:05 666049                     /usr/lib/jvm/java-7-oracle/jre/lib/amd64/libverify.so
7f3494976000-7f349497d000 r-xp 00000000 08:05 131557                     /lib/x86_64-linux-gnu/librt-2.19.so
7f349497d000-7f3494b7c000 ---p 00007000 08:05 131557                     /lib/x86_64-linux-gnu/librt-2.19.so
7f3494b7c000-7f3494b7d000 r--p 00006000 08:05 131557                     /lib/x86_64-linux-gnu/librt-2.19.so
7f3494b7d000-7f3494b7e000 rw-p 00007000 08:05 131557                     /lib/x86_64-linux-gnu/librt-2.19.so
7f3494b7e000-7f3494c83000 r-xp 00000000 08:05 131575                     /lib/x86_64-linux-gnu/libm-2.19.so
7f3494c83000-7f3494e82000 ---p 00105000 08:05 131575                     /lib/x86_64-linux-gnu/libm-2.19.so
7f3494e82000-7f3494e83000 r--p 00104000 08:05 131575                     /lib/x86_64-linux-gnu/libm-2.19.so
7f3494e83000-7f3494e84000 rw-p 00105000 08:05 131575                     /lib/x86_64-linux-gnu/libm-2.19.so
7f3494e84000-7f34959f4000 r-xp 00000000 08:05 666066                     /usr/lib/jvm/java-7-oracle/jre/lib/amd64/server/libjvm.so
7f34959f4000-7f3495bf3000 ---p 00b70000 08:05 666066                     /usr/lib/jvm/java-7-oracle/jre/lib/amd64/server/libjvm.so
7f3495bf3000-7f3495cb8000 rw-p 00b6f000 08:05 666066                     /usr/lib/jvm/java-7-oracle/jre/lib/amd64/server/libjvm.so
7f3495cb8000-7f3495cf8000 rw-p 00000000 00:00 0 
7f3495cf8000-7f3495eb4000 r-xp 00000000 08:05 131587                     /lib/x86_64-linux-gnu/libc-2.19.so
7f3495eb4000-7f34960b3000 ---p 001bc000 08:05 131587                     /lib/x86_64-linux-gnu/libc-2.19.so
7f34960b3000-7f34960b7000 r--p 001bb000 08:05 131587                     /lib/x86_64-linux-gnu/libc-2.19.so
7f34960b7000-7f34960b9000 rw-p 001bf000 08:05 131587                     /lib/x86_64-linux-gnu/libc-2.19.so
7f34960b9000-7f34960be000 rw-p 00000000 00:00 0 
7f34960be000-7f34960c1000 r-xp 00000000 08:05 131541                     /lib/x86_64-linux-gnu/libdl-2.19.so
7f34960c1000-7f34962c0000 ---p 00003000 08:05 131541                     /lib/x86_64-linux-gnu/libdl-2.19.so
7f34962c0000-7f34962c1000 r--p 00002000 08:05 131541                     /lib/x86_64-linux-gnu/libdl-2.19.so
7f34962c1000-7f34962c2000 rw-p 00003000 08:05 131541                     /lib/x86_64-linux-gnu/libdl-2.19.so
7f34962c2000-7f34962d8000 r-xp 00000000 08:05 666100                     /usr/lib/jvm/java-7-oracle/jre/lib/amd64/jli/libjli.so
7f34962d8000-7f34964d8000 ---p 00016000 08:05 666100                     /usr/lib/jvm/java-7-oracle/jre/lib/amd64/jli/libjli.so
7f34964d8000-7f34964d9000 rw-p 00016000 08:05 666100                     /usr/lib/jvm/java-7-oracle/jre/lib/amd64/jli/libjli.so
7f34964d9000-7f34964f2000 r-xp 00000000 08:05 131589                     /lib/x86_64-linux-gnu/libpthread-2.19.so
7f34964f2000-7f34966f1000 ---p 00019000 08:05 131589                     /lib/x86_64-linux-gnu/libpthread-2.19.so
7f34966f1000-7f34966f2000 r--p 00018000 08:05 131589                     /lib/x86_64-linux-gnu/libpthread-2.19.so
7f34966f2000-7f34966f3000 rw-p 00019000 08:05 131589                     /lib/x86_64-linux-gnu/libpthread-2.19.so
7f34966f3000-7f34966f7000 rw-p 00000000 00:00 0 
7f34966f7000-7f349671a000 r-xp 00000000 08:05 131540                     /lib/x86_64-linux-gnu/ld-2.19.so
7f349671a000-7f349671b000 r--s 00004000 08:07 3151126                    /home/quang/program/android-studio/sdk/tools/lib/dvlib.jar
7f349671b000-7f3496730000 r--s 000f1000 08:07 3150118                    /home/quang/program/android-studio/sdk/tools/lib/org-eclipse-jface-3.6.2.jar
7f3496730000-7f349673a000 rw-p 00000000 00:00 0 
7f349673a000-7f34967f0000 rw-p 00000000 00:00 0 
7f34967f0000-7f34967f3000 ---p 00000000 00:00 0 
7f34967f3000-7f34968f5000 rw-p 00000000 00:00 0                          [stack:5517]
7f34968f5000-7f34968f6000 r--s 0000a000 08:07 3149170                    /home/quang/program/android-studio/sdk/tools/lib/kxml2-2.3.0.jar
7f34968f6000-7f34968f9000 r--s 0000f000 08:07 3150114                    /home/quang/program/android-studio/sdk/tools/lib/layoutlib-api.jar
7f34968f9000-7f3496903000 r--s 000a4000 08:07 3149176                    /home/quang/program/android-studio/sdk/tools/lib/sdklib.jar
7f3496903000-7f3496905000 r--s 00012000 08:07 3150146                    /home/quang/program/android-studio/sdk/tools/lib/common.jar
7f3496905000-7f3496906000 r--s 00007000 08:07 3151125                    /home/quang/program/android-studio/sdk/tools/lib/sdkmanager.jar
7f3496906000-7f349690d000 rw-p 00000000 00:00 0 
7f349690d000-7f3496915000 rw-s 00000000 08:05 1213817                    /tmp/hsperfdata_root/5478
7f3496915000-7f3496916000 rw-p 00000000 00:00 0 
7f3496916000-7f3496917000 r--p 00000000 00:00 0 
7f3496917000-7f3496919000 rw-p 00000000 00:00 0 
7f3496919000-7f349691a000 r--p 00022000 08:05 131540                     /lib/x86_64-linux-gnu/ld-2.19.so
7f349691a000-7f349691b000 rw-p 00023000 08:05 131540                     /lib/x86_64-linux-gnu/ld-2.19.so
7f349691b000-7f349691c000 rw-p 00000000 00:00 0 
7fffc6558000-7fffc6579000 rw-p 00000000 00:00 0                          [stack]
7fffc658c000-7fffc658e000 r-xp 00000000 00:00 0                          [vdso]
ffffffffff600000-ffffffffff601000 r-xp 00000000 00:00 0                  [vsyscall]

VM Arguments:
jvm_args: -Xmx256M -Dcom.android.sdkmanager.toolsdir=/home/quang/program/android-studio/sdk/tools 
java_command: com.android.sdkmanager.Main avd
Launcher Type: SUN_STANDARD

Environment Variables:
CLASSPATH=/home/quang/program/android-studio/bin/../lib/bootstrap.jar:/home/quang/program/android-studio/bin/../lib/extensions.jar:/home/quang/program/android-studio/bin/../lib/util.jar:/home/quang/program/android-studio/bin/../lib/jdom.jar:/home/quang/program/android-studio/bin/../lib/log4j.jar:/home/quang/program/android-studio/bin/../lib/trove4j.jar:/home/quang/program/android-studio/bin/../lib/jna.jar:/usr/lib/jvm/java-7-oracle/lib/tools.jar
PATH=/usr/local/sbin:/usr/local/bin:/usr/sbin:/usr/bin:/sbin:/bin
USERNAME=root
LD_LIBRARY_PATH=/home/quang/program/android-studio/bin:
SHELL=/bin/bash
DISPLAY=:0

Signal Handlers:
SIGSEGV: [libjvm.so+0x99f4a0], sa_mask[0]=0x7ffbfeff, sa_flags=0x10000004
SIGBUS: [libjvm.so+0x99f4a0], sa_mask[0]=0x7ffbfeff, sa_flags=0x10000004
SIGFPE: [libjvm.so+0x81a860], sa_mask[0]=0x7ffbfeff, sa_flags=0x10000004
SIGPIPE: [libjvm.so+0x81a860], sa_mask[0]=0x7ffbfeff, sa_flags=0x10000004
SIGXFSZ: [libjvm.so+0x81a860], sa_mask[0]=0x7ffbfeff, sa_flags=0x10000004
SIGILL: [libjvm.so+0x81a860], sa_mask[0]=0x7ffbfeff, sa_flags=0x10000004
SIGUSR1: SIG_DFL, sa_mask[0]=0x00000000, sa_flags=0x00000000
SIGUSR2: [libjvm.so+0x81c060], sa_mask[0]=0x00000004, sa_flags=0x10000004
SIGHUP: [libjvm.so+0x81d160], sa_mask[0]=0x7ffbfeff, sa_flags=0x10000004
SIGINT: [libjvm.so+0x81d160], sa_mask[0]=0x7ffbfeff, sa_flags=0x10000004
SIGTERM: [libjvm.so+0x81d160], sa_mask[0]=0x7ffbfeff, sa_flags=0x10000004
SIGQUIT: [libjvm.so+0x81d160], sa_mask[0]=0x7ffbfeff, sa_flags=0x10000004


---------------  S Y S T E M  ---------------

OS:jessie/sid

uname:Linux 3.13.0-24-generic #47-Ubuntu SMP Fri May 2 23:30:00 UTC 2014 x86_64
libc:glibc 2.19 NPTL 2.19 
rlimit: STACK 8192k, CORE 0k, NPROC 30431, NOFILE 4096, AS infinity
load average:1,37 0,74 0,71

/proc/meminfo:
MemTotal:        3926324 kB
MemFree:          259428 kB
Buffers:           17028 kB
Cached:           589384 kB
SwapCached:       102580 kB
Active:          2514216 kB
Inactive:         942864 kB
Active(anon):    2324184 kB
Inactive(anon):   789652 kB
Active(file):     190032 kB
Inactive(file):   153212 kB
Unevictable:          52 kB
Mlocked:              52 kB
SwapTotal:       8787964 kB
SwapFree:        8374900 kB
Dirty:             29908 kB
Writeback:             0 kB
AnonPages:       2790272 kB
Mapped:           183664 kB
Shmem:            262248 kB
Slab:              89964 kB
SReclaimable:      54204 kB
SUnreclaim:        35760 kB
KernelStack:        4384 kB
PageTables:        32720 kB
NFS_Unstable:          0 kB
Bounce:                0 kB
WritebackTmp:          0 kB
CommitLimit:    10751124 kB
Committed_AS:    5930876 kB
VmallocTotal:   34359738367 kB
VmallocUsed:      565308 kB
VmallocChunk:   34359145048 kB
HardwareCorrupted:     0 kB
AnonHugePages:    212992 kB
HugePages_Total:       0
HugePages_Free:        0
HugePages_Rsvd:        0
HugePages_Surp:        0
Hugepagesize:       2048 kB
DirectMap4k:      155136 kB
DirectMap2M:     3917824 kB
DirectMap1G:           0 kB


CPU:total 4 (2 cores per cpu, 2 threads per core) family 6 model 60 stepping 3, cmov, cx8, fxsr, mmx, sse, sse2, sse3, ssse3, sse4.1, sse4.2, popcnt, avx, avx2, aes, erms, ht, tsc, tscinvbit

/proc/cpuinfo:
processor	: 0
vendor_id	: GenuineIntel
cpu family	: 6
model		: 60
model name	: Intel(R) Core(TM) i5-4210M CPU @ 2.60GHz
stepping	: 3
microcode	: 0x17
cpu MHz		: 2601.000
cache size	: 3072 KB
physical id	: 0
siblings	: 4
core id		: 0
cpu cores	: 2
apicid		: 0
initial apicid	: 0
fpu		: yes
fpu_exception	: yes
cpuid level	: 13
wp		: yes
flags		: fpu vme de pse tsc msr pae mce cx8 apic sep mtrr pge mca cmov pat pse36 clflush dts acpi mmx fxsr sse sse2 ss ht tm pbe syscall nx pdpe1gb rdtscp lm constant_tsc arch_perfmon pebs bts rep_good nopl xtopology nonstop_tsc aperfmperf eagerfpu pni pclmulqdq dtes64 monitor ds_cpl vmx est tm2 ssse3 fma cx16 xtpr pdcm pcid sse4_1 sse4_2 movbe popcnt tsc_deadline_timer aes xsave avx f16c rdrand lahf_lm abm ida arat epb xsaveopt pln pts dtherm tpr_shadow vnmi flexpriority ept vpid fsgsbase tsc_adjust bmi1 avx2 smep bmi2 erms invpcid
bogomips	: 5187.84
clflush size	: 64
cache_alignment	: 64
address sizes	: 39 bits physical, 48 bits virtual
power management:

processor	: 1
vendor_id	: GenuineIntel
cpu family	: 6
model		: 60
model name	: Intel(R) Core(TM) i5-4210M CPU @ 2.60GHz
stepping	: 3
microcode	: 0x17
cpu MHz		: 2601.000
cache size	: 3072 KB
physical id	: 0
siblings	: 4
core id		: 0
cpu cores	: 2
apicid		: 1
initial apicid	: 1
fpu		: yes
fpu_exception	: yes
cpuid level	: 13
wp		: yes
flags		: fpu vme de pse tsc msr pae mce cx8 apic sep mtrr pge mca cmov pat pse36 clflush dts acpi mmx fxsr sse sse2 ss ht tm pbe syscall nx pdpe1gb rdtscp lm constant_tsc arch_perfmon pebs bts rep_good nopl xtopology nonstop_tsc aperfmperf eagerfpu pni pclmulqdq dtes64 monitor ds_cpl vmx est tm2 ssse3 fma cx16 xtpr pdcm pcid sse4_1 sse4_2 movbe popcnt tsc_deadline_timer aes xsave avx f16c rdrand lahf_lm abm ida arat epb xsaveopt pln pts dtherm tpr_shadow vnmi flexpriority ept vpid fsgsbase tsc_adjust bmi1 avx2 smep bmi2 erms invpcid
bogomips	: 5187.84
clflush size	: 64
cache_alignment	: 64
address sizes	: 39 bits physical, 48 bits virtual
power management:

processor	: 2
vendor_id	: GenuineIntel
cpu family	: 6
model		: 60
model name	: Intel(R) Core(TM) i5-4210M CPU @ 2.60GHz
stepping	: 3
microcode	: 0x17
cpu MHz		: 800.000
cache size	: 3072 KB
physical id	: 0
siblings	: 4
core id		: 1
cpu cores	: 2
apicid		: 2
initial apicid	: 2
fpu		: yes
fpu_exception	: yes
cpuid level	: 13
wp		: yes
flags		: fpu vme de pse tsc msr pae mce cx8 apic sep mtrr pge mca cmov pat pse36 clflush dts acpi mmx fxsr sse sse2 ss ht tm pbe syscall nx pdpe1gb rdtscp lm constant_tsc arch_perfmon pebs bts rep_good nopl xtopology nonstop_tsc aperfmperf eagerfpu pni pclmulqdq dtes64 monitor ds_cpl vmx est tm2 ssse3 fma cx16 xtpr pdcm pcid sse4_1 sse4_2 movbe popcnt tsc_deadline_timer aes xsave avx f16c rdrand lahf_lm abm ida arat epb xsaveopt pln pts dtherm tpr_shadow vnmi flexpriority ept vpid fsgsbase tsc_adjust bmi1 avx2 smep bmi2 erms invpcid
bogomips	: 5187.84
clflush size	: 64
cache_alignment	: 64
address sizes	: 39 bits physical, 48 bits virtual
power management:

processor	: 3
vendor_id	: GenuineIntel
cpu family	: 6
model		: 60
model name	: Intel(R) Core(TM) i5-4210M CPU @ 2.60GHz
stepping	: 3
microcode	: 0x17
cpu MHz		: 800.000
cache size	: 3072 KB
physical id	: 0
siblings	: 4
core id		: 1
cpu cores	: 2
apicid		: 3
initial apicid	: 3
fpu		: yes
fpu_exception	: yes
cpuid level	: 13
wp		: yes
flags		: fpu vme de pse tsc msr pae mce cx8 apic sep mtrr pge mca cmov pat pse36 clflush dts acpi mmx fxsr sse sse2 ss ht tm pbe syscall nx pdpe1gb rdtscp lm constant_tsc arch_perfmon pebs bts rep_good nopl xtopology nonstop_tsc aperfmperf eagerfpu pni pclmulqdq dtes64 monitor ds_cpl vmx est tm2 ssse3 fma cx16 xtpr pdcm pcid sse4_1 sse4_2 movbe popcnt tsc_deadline_timer aes xsave avx f16c rdrand lahf_lm abm ida arat epb xsaveopt pln pts dtherm tpr_shadow vnmi flexpriority ept vpid fsgsbase tsc_adjust bmi1 avx2 smep bmi2 erms invpcid
bogomips	: 5187.84
clflush size	: 64
cache_alignment	: 64
address sizes	: 39 bits physical, 48 bits virtual
power management:



Memory: 4k page, physical 3926324k(259428k free), swap 8787964k(8374900k free)

vm_info: Java HotSpot(TM) 64-Bit Server VM (24.65-b04) for linux-amd64 JRE (1.7.0_67-b01), built on Jul 25 2014 09:20:21 by "java_re" with gcc 4.3.0 20080428 (Red Hat 4.3.0-8)

time: Wed Oct 29 00:02:16 2014
elapsed time: 0 seconds

